2025-10-09 20:57:47,055 - INFO - 🚀 启动 OKX 自动交易机器人...
2025-10-09 20:57:48,186 - INFO - HTTP Request: GET https://www.okx.com/api/v5/market/ticker?instId=BTC-USDT-SWAP "HTTP/2 200 OK"
2025-10-09 20:57:48,426 - INFO - 成功获取价格: 123285.2, 交易量: 9877.36, 上影线: 29.80000000000291, 下影线: 0.09999999999126885, 振幅: 0.10%, RSI: 40.89, MA20: 123429.36, 位置: 在所有均线之上
2025-10-09 20:57:48,426 - INFO - 当前价格: 123285.2
交易量: 9877.36 合约
上影线: 29.80000000000291
下影线: 0.09999999999126885
振幅: 0.10%
RSI: 40.89
MA20: 123429.36
位置: 在所有均线之上
当前持仓: 无
信号: 无
2025-10-09 20:57:54,555 - INFO - HTTP Request: GET https://www.okx.com/api/v5/market/ticker?instId=BTC-USDT-SWAP "HTTP/2 200 OK"
2025-10-09 20:57:54,793 - INFO - 成功获取价格: 123267.1, 交易量: 9877.36, 上影线: 29.80000000000291, 下影线: 0.09999999999126885, 振幅: 0.10%, RSI: 40.89, MA20: 123429.36, 位置: 在所有均线之上
2025-10-09 20:57:54,795 - INFO - 当前价格: 123267.1
交易量: 9877.36 合约
上影线: 29.80000000000291
下影线: 0.09999999999126885
振幅: 0.10%
RSI: 40.89
MA20: 123429.36
位置: 在所有均线之上
当前持仓: 无
信号: 无
2025-10-09 20:58:00,962 - INFO - HTTP Request: GET https://www.okx.com/api/v5/market/ticker?instId=BTC-USDT-SWAP "HTTP/2 200 OK"
2025-10-09 20:58:01,164 - INFO - 成功获取价格: 123320.5, 交易量: 6341.87, 上影线: 0.09999999999126885, 下影线: 15.10000000000582, 振幅: 0.09%, RSI: 55.73, MA20: 123448.67, 位置: 在所有均线之上
2025-10-09 20:58:01,165 - INFO - 当前价格: 123320.5
交易量: 6341.87 合约
上影线: 0.09999999999126885
下影线: 15.10000000000582
振幅: 0.09%
RSI: 55.73
MA20: 123448.67
位置: 在所有均线之上
当前持仓: 无
信号: 无
2025-10-09 20:58:07,440 - INFO - HTTP Request: GET https://www.okx.com/api/v5/market/ticker?instId=BTC-USDT-SWAP "HTTP/2 200 OK"
2025-10-09 20:58:07,663 - INFO - 成功获取价格: 123343.3, 交易量: 6341.87, 上影线: 0.09999999999126885, 下影线: 15.10000000000582, 振幅: 0.09%, RSI: 55.73, MA20: 123448.67, 位置: 在所有均线之上
2025-10-09 20:58:07,663 - INFO - 当前价格: 123343.3
交易量: 6341.87 合约
上影线: 0.09999999999126885
下影线: 15.10000000000582
振幅: 0.09%
RSI: 55.73
MA20: 123448.67
位置: 在所有均线之上
当前持仓: 无
信号: 无
2025-10-09 20:58:13,795 - INFO - HTTP Request: GET https://www.okx.com/api/v5/market/ticker?instId=BTC-USDT-SWAP "HTTP/2 200 OK"
2025-10-09 20:58:13,999 - INFO - 成功获取价格: 123361.0, 交易量: 6341.87, 上影线: 0.09999999999126885, 下影线: 15.10000000000582, 振幅: 0.09%, RSI: 55.73, MA20: 123448.67, 位置: 在所有均线之上
2025-10-09 20:58:13,999 - INFO - 当前价格: 123361.0
交易量: 6341.87 合约
上影线: 0.09999999999126885
下影线: 15.10000000000582
振幅: 0.09%
RSI: 55.73
MA20: 123448.67
位置: 在所有均线之上
当前持仓: 无
信号: 无
2025-10-09 20:58:20,248 - INFO - HTTP Request: GET https://www.okx.com/api/v5/market/ticker?instId=BTC-USDT-SWAP "HTTP/2 200 OK"
2025-10-09 20:58:20,445 - INFO - 成功获取价格: 123336.3, 交易量: 6341.87, 上影线: 0.09999999999126885, 下影线: 15.10000000000582, 振幅: 0.09%, RSI: 55.73, MA20: 123448.67, 位置: 在所有均线之上
2025-10-09 20:58:20,447 - INFO - 当前价格: 123336.3
交易量: 6341.87 合约
上影线: 0.09999999999126885
下影线: 15.10000000000582
振幅: 0.09%
RSI: 55.73
MA20: 123448.67
位置: 在所有均线之上
当前持仓: 无
信号: 无
2025-10-09 20:58:26,600 - INFO - HTTP Request: GET https://www.okx.com/api/v5/market/ticker?instId=BTC-USDT-SWAP "HTTP/2 200 OK"
2025-10-09 20:58:26,812 - INFO - 成功获取价格: 123384.6, 交易量: 6341.87, 上影线: 0.09999999999126885, 下影线: 15.10000000000582, 振幅: 0.09%, RSI: 55.73, MA20: 123448.67, 位置: 在所有均线之上
2025-10-09 20:58:26,813 - INFO - 当前价格: 123384.6
交易量: 6341.87 合约
上影线: 0.09999999999126885
下影线: 15.10000000000582
振幅: 0.09%
RSI: 55.73
MA20: 123448.67
位置: 在所有均线之上
当前持仓: 无
信号: 无
2025-10-09 20:58:32,939 - INFO - HTTP Request: GET https://www.okx.com/api/v5/market/ticker?instId=BTC-USDT-SWAP "HTTP/2 200 OK"
2025-10-09 20:58:33,176 - INFO - 成功获取价格: 123430.0, 交易量: 6341.87, 上影线: 0.09999999999126885, 下影线: 15.10000000000582, 振幅: 0.09%, RSI: 55.73, MA20: 123448.67, 位置: 在所有均线之上
2025-10-09 20:58:33,177 - INFO - 当前价格: 123430.0
交易量: 6341.87 合约
上影线: 0.09999999999126885
下影线: 15.10000000000582
振幅: 0.09%
RSI: 55.73
MA20: 123448.67
位置: 在所有均线之上
当前持仓: 无
信号: 无
2025-10-09 20:58:39,286 - INFO - HTTP Request: GET https://www.okx.com/api/v5/market/ticker?instId=BTC-USDT-SWAP "HTTP/2 200 OK"
2025-10-09 20:58:39,497 - INFO - 成功获取价格: 123386.4, 交易量: 6341.87, 上影线: 0.09999999999126885, 下影线: 15.10000000000582, 振幅: 0.09%, RSI: 55.73, MA20: 123448.67, 位置: 在所有均线之上
2025-10-09 20:58:39,498 - INFO - 当前价格: 123386.4
交易量: 6341.87 合约
上影线: 0.09999999999126885
下影线: 15.10000000000582
振幅: 0.09%
RSI: 55.73
MA20: 123448.67
位置: 在所有均线之上
当前持仓: 无
信号: 无
2025-10-09 20:58:45,714 - INFO - HTTP Request: GET https://www.okx.com/api/v5/market/ticker?instId=BTC-USDT-SWAP "HTTP/2 200 OK"
2025-10-09 20:58:45,924 - INFO - 成功获取价格: 123480.0, 交易量: 6341.87, 上影线: 0.09999999999126885, 下影线: 15.10000000000582, 振幅: 0.09%, RSI: 55.73, MA20: 123448.67, 位置: 在所有均线之上
2025-10-09 20:58:45,924 - INFO - 当前价格: 123480.0
交易量: 6341.87 合约
上影线: 0.09999999999126885
下影线: 15.10000000000582
振幅: 0.09%
RSI: 55.73
MA20: 123448.67
位置: 在所有均线之上
当前持仓: 无
信号: 无
2025-10-09 20:58:52,085 - INFO - HTTP Request: GET https://www.okx.com/api/v5/market/ticker?instId=BTC-USDT-SWAP "HTTP/2 200 OK"
2025-10-09 20:58:52,314 - INFO - 成功获取价格: 123490.0, 交易量: 6341.87, 上影线: 0.09999999999126885, 下影线: 15.10000000000582, 振幅: 0.09%, RSI: 55.73, MA20: 123448.67, 位置: 在所有均线之上
2025-10-09 20:58:52,316 - INFO - 当前价格: 123490.0
交易量: 6341.87 合约
上影线: 0.09999999999126885
下影线: 15.10000000000582
振幅: 0.09%
RSI: 55.73
MA20: 123448.67
位置: 在所有均线之上
当前持仓: 无
信号: 无
2025-10-09 20:58:58,432 - INFO - HTTP Request: GET https://www.okx.com/api/v5/market/ticker?instId=BTC-USDT-SWAP "HTTP/2 200 OK"
2025-10-09 20:58:58,626 - INFO - 成功获取价格: 123400.0, 交易量: 6341.87, 上影线: 0.09999999999126885, 下影线: 15.10000000000582, 振幅: 0.09%, RSI: 55.73, MA20: 123448.67, 位置: 在所有均线之上
2025-10-09 20:58:58,626 - INFO - 当前价格: 123400.0
交易量: 6341.87 合约
上影线: 0.09999999999126885
下影线: 15.10000000000582
振幅: 0.09%
RSI: 55.73
MA20: 123448.67
位置: 在所有均线之上
当前持仓: 无
信号: 无
2025-10-09 20:59:04,885 - INFO - HTTP Request: GET https://www.okx.com/api/v5/market/ticker?instId=BTC-USDT-SWAP "HTTP/2 200 OK"
2025-10-09 20:59:05,177 - INFO - 成功获取价格: 123462.5, 交易量: 6599.63, 上影线: 6.100000000005821, 下影线: 0.0, 振幅: 0.08%, RSI: 51.22, MA20: 123454.53, 位置: 在所有均线之上
2025-10-09 20:59:05,177 - INFO - 当前价格: 123462.5
交易量: 6599.63 合约
上影线: 6.100000000005821
下影线: 0.0
振幅: 0.08%
RSI: 51.22
MA20: 123454.53
位置: 在所有均线之上
当前持仓: 无
信号: 无
2025-10-09 20:59:11,368 - INFO - HTTP Request: GET https://www.okx.com/api/v5/market/ticker?instId=BTC-USDT-SWAP "HTTP/2 200 OK"
2025-10-09 20:59:11,674 - INFO - 成功获取价格: 123490.0, 交易量: 6599.63, 上影线: 6.100000000005821, 下影线: 0.0, 振幅: 0.08%, RSI: 51.22, MA20: 123454.53, 位置: 在所有均线之上
2025-10-09 20:59:11,674 - INFO - 当前价格: 123490.0
交易量: 6599.63 合约
上影线: 6.100000000005821
下影线: 0.0
振幅: 0.08%
RSI: 51.22
MA20: 123454.53
位置: 在所有均线之上
当前持仓: 无
信号: 无
2025-10-09 20:59:17,788 - INFO - HTTP Request: GET https://www.okx.com/api/v5/market/ticker?instId=BTC-USDT-SWAP "HTTP/2 200 OK"
2025-10-09 20:59:17,978 - INFO - 成功获取价格: 123492.8, 交易量: 6599.63, 上影线: 6.100000000005821, 下影线: 0.0, 振幅: 0.08%, RSI: 51.22, MA20: 123454.53, 位置: 在所有均线之上
2025-10-09 20:59:17,979 - INFO - 当前价格: 123492.8
交易量: 6599.63 合约
上影线: 6.100000000005821
下影线: 0.0
振幅: 0.08%
RSI: 51.22
MA20: 123454.53
位置: 在所有均线之上
当前持仓: 无
信号: 无
2025-10-09 20:59:24,081 - INFO - HTTP Request: GET https://www.okx.com/api/v5/market/ticker?instId=BTC-USDT-SWAP "HTTP/2 200 OK"
2025-10-09 20:59:24,276 - INFO - 成功获取价格: 123400.1, 交易量: 6599.63, 上影线: 6.100000000005821, 下影线: 0.0, 振幅: 0.08%, RSI: 51.22, MA20: 123454.53, 位置: 在所有均线之上
2025-10-09 20:59:24,278 - INFO - 当前价格: 123400.1
交易量: 6599.63 合约
上影线: 6.100000000005821
下影线: 0.0
振幅: 0.08%
RSI: 51.22
MA20: 123454.53
位置: 在所有均线之上
当前持仓: 无
信号: 无
2025-10-09 20:59:30,537 - INFO - HTTP Request: GET https://www.okx.com/api/v5/market/ticker?instId=BTC-USDT-SWAP "HTTP/2 200 OK"
2025-10-09 20:59:30,752 - INFO - 成功获取价格: 123461.5, 交易量: 6599.63, 上影线: 6.100000000005821, 下影线: 0.0, 振幅: 0.08%, RSI: 51.22, MA20: 123454.53, 位置: 在所有均线之上
2025-10-09 20:59:30,752 - INFO - 当前价格: 123461.5
交易量: 6599.63 合约
上影线: 6.100000000005821
下影线: 0.0
振幅: 0.08%
RSI: 51.22
MA20: 123454.53
位置: 在所有均线之上
当前持仓: 无
信号: 无
2025-10-09 20:59:37,013 - INFO - HTTP Request: GET https://www.okx.com/api/v5/market/ticker?instId=BTC-USDT-SWAP "HTTP/2 200 OK"
2025-10-09 20:59:37,210 - INFO - 成功获取价格: 123502.7, 交易量: 6599.63, 上影线: 6.100000000005821, 下影线: 0.0, 振幅: 0.08%, RSI: 51.22, MA20: 123454.53, 位置: 在所有均线之上
2025-10-09 20:59:37,210 - INFO - 当前价格: 123502.7
交易量: 6599.63 合约
上影线: 6.100000000005821
下影线: 0.0
振幅: 0.08%
RSI: 51.22
MA20: 123454.53
位置: 在所有均线之上
当前持仓: 无
信号: 无
2025-10-09 20:59:43,320 - INFO - HTTP Request: GET https://www.okx.com/api/v5/market/ticker?instId=BTC-USDT-SWAP "HTTP/2 200 OK"
2025-10-09 20:59:43,578 - INFO - 成功获取价格: 123400.1, 交易量: 6599.63, 上影线: 6.100000000005821, 下影线: 0.0, 振幅: 0.08%, RSI: 51.22, MA20: 123454.53, 位置: 在所有均线之上
2025-10-09 20:59:43,578 - INFO - 当前价格: 123400.1
交易量: 6599.63 合约
上影线: 6.100000000005821
下影线: 0.0
振幅: 0.08%
RSI: 51.22
MA20: 123454.53
位置: 在所有均线之上
当前持仓: 无
信号: 无
2025-10-09 20:59:49,734 - INFO - HTTP Request: GET https://www.okx.com/api/v5/market/ticker?instId=BTC-USDT-SWAP "HTTP/2 200 OK"
2025-10-09 20:59:49,935 - INFO - 成功获取价格: 123466.8, 交易量: 6599.63, 上影线: 6.100000000005821, 下影线: 0.0, 振幅: 0.08%, RSI: 51.22, MA20: 123454.53, 位置: 在所有均线之上
2025-10-09 20:59:49,935 - INFO - 当前价格: 123466.8
交易量: 6599.63 合约
上影线: 6.100000000005821
下影线: 0.0
振幅: 0.08%
RSI: 51.22
MA20: 123454.53
位置: 在所有均线之上
当前持仓: 无
信号: 无
2025-10-09 20:59:56,031 - INFO - HTTP Request: GET https://www.okx.com/api/v5/market/ticker?instId=BTC-USDT-SWAP "HTTP/2 200 OK"
2025-10-09 20:59:56,253 - INFO - 成功获取价格: 123472.2, 交易量: 6599.63, 上影线: 6.100000000005821, 下影线: 0.0, 振幅: 0.08%, RSI: 51.22, MA20: 123454.53, 位置: 在所有均线之上
2025-10-09 20:59:56,255 - INFO - 当前价格: 123472.2
交易量: 6599.63 合约
上影线: 6.100000000005821
下影线: 0.0
振幅: 0.08%
RSI: 51.22
MA20: 123454.53
位置: 在所有均线之上
当前持仓: 无
信号: 无
2025-10-09 21:00:02,591 - INFO - HTTP Request: GET https://www.okx.com/api/v5/market/ticker?instId=BTC-USDT-SWAP "HTTP/2 200 OK"
2025-10-09 21:00:02,797 - INFO - 成功获取价格: 123485.6, 交易量: 2745.8, 上影线: 29.69999999999709, 下影线: 4.7000000000116415, 振幅: 0.03%, RSI: 55.18, MA20: 123462.53, 位置: 在所有均线之上
2025-10-09 21:00:02,798 - INFO - 当前价格: 123485.6
交易量: 2745.8 合约
上影线: 29.69999999999709
下影线: 4.7000000000116415
振幅: 0.03%
RSI: 55.18
MA20: 123462.53
位置: 在所有均线之上
当前持仓: 无
信号: 无
2025-10-09 21:00:09,137 - INFO - HTTP Request: GET https://www.okx.com/api/v5/market/ticker?instId=BTC-USDT-SWAP "HTTP/2 200 OK"
2025-10-09 21:00:09,350 - INFO - 成功获取价格: 123400.1, 交易量: 2745.8, 上影线: 29.69999999999709, 下影线: 4.7000000000116415, 振幅: 0.03%, RSI: 55.18, MA20: 123462.53, 位置: 在所有均线之上
2025-10-09 21:00:09,350 - INFO - 当前价格: 123400.1
交易量: 2745.8 合约
上影线: 29.69999999999709
下影线: 4.7000000000116415
振幅: 0.03%
RSI: 55.18
MA20: 123462.53
位置: 在所有均线之上
当前持仓: 无
信号: 无
2025-10-09 21:00:15,463 - INFO - HTTP Request: GET https://www.okx.com/api/v5/market/ticker?instId=BTC-USDT-SWAP "HTTP/2 200 OK"
2025-10-09 21:00:15,649 - INFO - 成功获取价格: 123472.2, 交易量: 2745.8, 上影线: 29.69999999999709, 下影线: 4.7000000000116415, 振幅: 0.03%, RSI: 55.18, MA20: 123462.53, 位置: 在所有均线之上
2025-10-09 21:00:15,649 - INFO - 当前价格: 123472.2
交易量: 2745.8 合约
上影线: 29.69999999999709
下影线: 4.7000000000116415
振幅: 0.03%
RSI: 55.18
MA20: 123462.53
位置: 在所有均线之上
当前持仓: 无
信号: 无
2025-10-09 21:00:21,785 - INFO - HTTP Request: GET https://www.okx.com/api/v5/market/ticker?instId=BTC-USDT-SWAP "HTTP/2 200 OK"
2025-10-09 21:00:21,988 - INFO - 成功获取价格: 123472.6, 交易量: 2745.8, 上影线: 29.69999999999709, 下影线: 4.7000000000116415, 振幅: 0.03%, RSI: 55.18, MA20: 123462.53, 位置: 在所有均线之上
2025-10-09 21:00:21,988 - INFO - 当前价格: 123472.6
交易量: 2745.8 合约
上影线: 29.69999999999709
下影线: 4.7000000000116415
振幅: 0.03%
RSI: 55.18
MA20: 123462.53
位置: 在所有均线之上
当前持仓: 无
信号: 无
2025-10-09 21:00:28,247 - INFO - HTTP Request: GET https://www.okx.com/api/v5/market/ticker?instId=BTC-USDT-SWAP "HTTP/2 200 OK"
2025-10-09 21:00:28,472 - INFO - 成功获取价格: 123400.1, 交易量: 2745.8, 上影线: 29.69999999999709, 下影线: 4.7000000000116415, 振幅: 0.03%, RSI: 55.18, MA20: 123462.53, 位置: 在所有均线之上
2025-10-09 21:00:28,473 - INFO - 当前价格: 123400.1
交易量: 2745.8 合约
上影线: 29.69999999999709
下影线: 4.7000000000116415
振幅: 0.03%
RSI: 55.18
MA20: 123462.53
位置: 在所有均线之上
当前持仓: 无
信号: 无
2025-10-09 21:00:45,765 - INFO - 🚀 启动 OKX 自动交易机器人...
2025-10-09 21:00:46,903 - INFO - HTTP Request: GET https://www.okx.com/api/v5/market/ticker?instId=BTC-USDT-SWAP "HTTP/2 200 OK"
2025-10-09 21:00:47,114 - INFO - 成功获取价格: 123452.1, 交易量: 2745.8, 上影线: 29.69999999999709, 下影线: 4.7000000000116415, 振幅: 0.03%, RSI: 55.18, MA20: 123462.53, 位置: 在所有均线之上
2025-10-09 21:00:47,114 - INFO - 当前价格: 123452.1
交易量: 2745.8 合约
上影线: 29.69999999999709
下影线: 4.7000000000116415
振幅: 0.03%
RSI: 55.18
MA20: 123462.53
位置: 在所有均线之上
当前持仓: 无
信号: 无
2025-10-09 21:00:53,251 - INFO - HTTP Request: GET https://www.okx.com/api/v5/market/ticker?instId=BTC-USDT-SWAP "HTTP/2 200 OK"
2025-10-09 21:00:53,641 - INFO - 成功获取价格: 123448.9, 交易量: 2745.8, 上影线: 29.69999999999709, 下影线: 4.7000000000116415, 振幅: 0.03%, RSI: 55.18, MA20: 123462.53, 位置: 在所有均线之上
2025-10-09 21:00:53,646 - INFO - 当前价格: 123448.9
交易量: 2745.8 合约
上影线: 29.69999999999709
下影线: 4.7000000000116415
振幅: 0.03%
RSI: 55.18
MA20: 123462.53
位置: 在所有均线之上
当前持仓: 无
信号: 无
2025-10-09 21:01:00,017 - INFO - HTTP Request: GET https://www.okx.com/api/v5/market/ticker?instId=BTC-USDT-SWAP "HTTP/2 200 OK"
2025-10-09 21:01:00,214 - INFO - 成功获取价格: 123456.0, 交易量: 19933.15, 上影线: 93.80000000000291, 下影线: 40.90000000000873, 振幅: 0.15%, RSI: 53.05, MA20: 123464.17, 位置: 在均线之间
2025-10-09 21:01:00,214 - INFO - 当前价格: 123456.0
交易量: 19933.15 合约
上影线: 93.80000000000291
下影线: 40.90000000000873
振幅: 0.15%
RSI: 53.05
MA20: 123464.17
位置: 在均线之间
当前持仓: 无
信号: 无
2025-10-09 21:01:06,321 - INFO - HTTP Request: GET https://www.okx.com/api/v5/market/ticker?instId=BTC-USDT-SWAP "HTTP/2 200 OK"
2025-10-09 21:01:06,609 - INFO - 成功获取价格: 123440.0, 交易量: 19933.15, 上影线: 93.80000000000291, 下影线: 40.90000000000873, 振幅: 0.15%, RSI: 53.05, MA20: 123464.17, 位置: 在均线之间
2025-10-09 21:01:06,609 - INFO - 当前价格: 123440.0
交易量: 19933.15 合约
上影线: 93.80000000000291
下影线: 40.90000000000873
振幅: 0.15%
RSI: 53.05
MA20: 123464.17
位置: 在均线之间
当前持仓: 无
信号: 无
2025-10-09 21:01:12,740 - INFO - HTTP Request: GET https://www.okx.com/api/v5/market/ticker?instId=BTC-USDT-SWAP "HTTP/2 200 OK"
2025-10-09 21:01:12,978 - INFO - 成功获取价格: 123460.6, 交易量: 19933.15, 上影线: 93.80000000000291, 下影线: 40.90000000000873, 振幅: 0.15%, RSI: 53.05, MA20: 123464.17, 位置: 在均线之间
2025-10-09 21:01:12,979 - INFO - 当前价格: 123460.6
交易量: 19933.15 合约
上影线: 93.80000000000291
下影线: 40.90000000000873
振幅: 0.15%
RSI: 53.05
MA20: 123464.17
位置: 在均线之间
当前持仓: 无
信号: 无
2025-10-09 21:01:19,108 - INFO - HTTP Request: GET https://www.okx.com/api/v5/market/ticker?instId=BTC-USDT-SWAP "HTTP/2 200 OK"
2025-10-09 21:01:19,305 - INFO - 成功获取价格: 123378.0, 交易量: 19933.15, 上影线: 93.80000000000291, 下影线: 40.90000000000873, 振幅: 0.15%, RSI: 53.05, MA20: 123464.17, 位置: 在均线之间
2025-10-09 21:01:19,308 - INFO - 当前价格: 123378.0
交易量: 19933.15 合约
上影线: 93.80000000000291
下影线: 40.90000000000873
振幅: 0.15%
RSI: 53.05
MA20: 123464.17
位置: 在均线之间
当前持仓: 无
信号: 无
2025-10-09 21:01:25,410 - INFO - HTTP Request: GET https://www.okx.com/api/v5/market/ticker?instId=BTC-USDT-SWAP "HTTP/2 200 OK"
2025-10-09 21:01:25,602 - INFO - 成功获取价格: 123440.0, 交易量: 19933.15, 上影线: 93.80000000000291, 下影线: 40.90000000000873, 振幅: 0.15%, RSI: 53.05, MA20: 123464.17, 位置: 在均线之间
2025-10-09 21:01:25,602 - INFO - 当前价格: 123440.0
交易量: 19933.15 合约
上影线: 93.80000000000291
下影线: 40.90000000000873
振幅: 0.15%
RSI: 53.05
MA20: 123464.17
位置: 在均线之间
当前持仓: 无
信号: 无
2025-10-09 21:01:31,862 - INFO - HTTP Request: GET https://www.okx.com/api/v5/market/ticker?instId=BTC-USDT-SWAP "HTTP/2 200 OK"
2025-10-09 21:01:32,101 - INFO - 成功获取价格: 123452.4, 交易量: 19933.15, 上影线: 93.80000000000291, 下影线: 40.90000000000873, 振幅: 0.15%, RSI: 53.05, MA20: 123464.17, 位置: 在均线之间
2025-10-09 21:01:32,101 - INFO - 当前价格: 123452.4
交易量: 19933.15 合约
上影线: 93.80000000000291
下影线: 40.90000000000873
振幅: 0.15%
RSI: 53.05
MA20: 123464.17
位置: 在均线之间
当前持仓: 无
信号: 无
2025-10-09 21:01:38,237 - INFO - HTTP Request: GET https://www.okx.com/api/v5/market/ticker?instId=BTC-USDT-SWAP "HTTP/2 200 OK"
2025-10-09 21:01:38,476 - INFO - 成功获取价格: 123472.2, 交易量: 19933.15, 上影线: 93.80000000000291, 下影线: 40.90000000000873, 振幅: 0.15%, RSI: 53.05, MA20: 123464.17, 位置: 在均线之间
2025-10-09 21:01:38,477 - INFO - 当前价格: 123472.2
交易量: 19933.15 合约
上影线: 93.80000000000291
下影线: 40.90000000000873
振幅: 0.15%
RSI: 53.05
MA20: 123464.17
位置: 在均线之间
当前持仓: 无
信号: 无
2025-10-09 21:01:44,675 - INFO - HTTP Request: GET https://www.okx.com/api/v5/market/ticker?instId=BTC-USDT-SWAP "HTTP/2 200 OK"
2025-10-09 21:01:44,896 - INFO - 成功获取价格: 123453.0, 交易量: 19933.15, 上影线: 93.80000000000291, 下影线: 40.90000000000873, 振幅: 0.15%, RSI: 53.05, MA20: 123464.17, 位置: 在均线之间
2025-10-09 21:01:44,896 - INFO - 当前价格: 123453.0
交易量: 19933.15 合约
上影线: 93.80000000000291
下影线: 40.90000000000873
振幅: 0.15%
RSI: 53.05
MA20: 123464.17
位置: 在均线之间
当前持仓: 无
信号: 无
2025-10-09 21:01:51,060 - INFO - HTTP Request: GET https://www.okx.com/api/v5/market/ticker?instId=BTC-USDT-SWAP "HTTP/2 200 OK"
2025-10-09 21:01:51,330 - INFO - 成功获取价格: 123453.8, 交易量: 19933.15, 上影线: 93.80000000000291, 下影线: 40.90000000000873, 振幅: 0.15%, RSI: 53.05, MA20: 123464.17, 位置: 在均线之间
2025-10-09 21:01:51,333 - INFO - 当前价格: 123453.8
交易量: 19933.15 合约
上影线: 93.80000000000291
下影线: 40.90000000000873
振幅: 0.15%
RSI: 53.05
MA20: 123464.17
位置: 在均线之间
当前持仓: 无
信号: 无
2025-10-09 21:01:57,567 - INFO - HTTP Request: GET https://www.okx.com/api/v5/market/ticker?instId=BTC-USDT-SWAP "HTTP/2 200 OK"
2025-10-09 21:01:57,788 - INFO - 成功获取价格: 123450.0, 交易量: 19933.15, 上影线: 93.80000000000291, 下影线: 40.90000000000873, 振幅: 0.15%, RSI: 53.05, MA20: 123464.17, 位置: 在均线之间
2025-10-09 21:01:57,789 - INFO - 当前价格: 123450.0
交易量: 19933.15 合约
上影线: 93.80000000000291
下影线: 40.90000000000873
振幅: 0.15%
RSI: 53.05
MA20: 123464.17
位置: 在均线之间
当前持仓: 无
信号: 无
2025-10-09 21:02:04,041 - INFO - HTTP Request: GET https://www.okx.com/api/v5/market/ticker?instId=BTC-USDT-SWAP "HTTP/2 200 OK"
2025-10-09 21:02:04,242 - INFO - 成功获取价格: 123361.1, 交易量: 3078.06, 上影线: 33.19999999999709, 下影线: 12.80000000000291, 振幅: 0.04%, RSI: 55.14, MA20: 123453.73, 位置: 在均线之间
2025-10-09 21:02:04,243 - INFO - 当前价格: 123361.1
交易量: 3078.06 合约
上影线: 33.19999999999709
下影线: 12.80000000000291
振幅: 0.04%
RSI: 55.14
MA20: 123453.73
位置: 在均线之间
当前持仓: 无
信号: 无
2025-10-09 21:02:10,365 - INFO - HTTP Request: GET https://www.okx.com/api/v5/market/ticker?instId=BTC-USDT-SWAP "HTTP/2 200 OK"
2025-10-09 21:02:10,554 - INFO - 成功获取价格: 123415.5, 交易量: 3078.06, 上影线: 33.19999999999709, 下影线: 12.80000000000291, 振幅: 0.04%, RSI: 55.14, MA20: 123453.73, 位置: 在均线之间
2025-10-09 21:02:10,554 - INFO - 当前价格: 123415.5
交易量: 3078.06 合约
上影线: 33.19999999999709
下影线: 12.80000000000291
振幅: 0.04%
RSI: 55.14
MA20: 123453.73
位置: 在均线之间
当前持仓: 无
信号: 无
2025-10-09 21:02:16,800 - INFO - HTTP Request: GET https://www.okx.com/api/v5/market/ticker?instId=BTC-USDT-SWAP "HTTP/2 200 OK"
2025-10-09 21:02:16,985 - INFO - 成功获取价格: 123432.7, 交易量: 3078.06, 上影线: 33.19999999999709, 下影线: 12.80000000000291, 振幅: 0.04%, RSI: 55.14, MA20: 123453.73, 位置: 在均线之间
2025-10-09 21:02:16,985 - INFO - 当前价格: 123432.7
交易量: 3078.06 合约
上影线: 33.19999999999709
下影线: 12.80000000000291
振幅: 0.04%
RSI: 55.14
MA20: 123453.73
位置: 在均线之间
当前持仓: 无
信号: 无
2025-10-09 21:02:23,262 - INFO - HTTP Request: GET https://www.okx.com/api/v5/market/ticker?instId=BTC-USDT-SWAP "HTTP/2 200 OK"
2025-10-09 21:02:23,478 - INFO - 成功获取价格: 123360.0, 交易量: 3078.06, 上影线: 33.19999999999709, 下影线: 12.80000000000291, 振幅: 0.04%, RSI: 55.14, MA20: 123453.73, 位置: 在均线之间
2025-10-09 21:02:23,480 - INFO - 当前价格: 123360.0
交易量: 3078.06 合约
上影线: 33.19999999999709
下影线: 12.80000000000291
振幅: 0.04%
RSI: 55.14
MA20: 123453.73
位置: 在均线之间
当前持仓: 无
信号: 无
2025-10-09 21:02:29,641 - INFO - HTTP Request: GET https://www.okx.com/api/v5/market/ticker?instId=BTC-USDT-SWAP "HTTP/2 200 OK"
2025-10-09 21:02:29,847 - INFO - 成功获取价格: 123347.0, 交易量: 3078.06, 上影线: 33.19999999999709, 下影线: 12.80000000000291, 振幅: 0.04%, RSI: 55.14, MA20: 123453.73, 位置: 在均线之间
2025-10-09 21:02:29,848 - INFO - 当前价格: 123347.0
交易量: 3078.06 合约
上影线: 33.19999999999709
下影线: 12.80000000000291
振幅: 0.04%
RSI: 55.14
MA20: 123453.73
位置: 在均线之间
当前持仓: 无
信号: 无
2025-10-09 21:02:36,024 - INFO - HTTP Request: GET https://www.okx.com/api/v5/market/ticker?instId=BTC-USDT-SWAP "HTTP/2 200 OK"
2025-10-09 21:02:36,235 - INFO - 成功获取价格: 123421.3, 交易量: 3078.06, 上影线: 33.19999999999709, 下影线: 12.80000000000291, 振幅: 0.04%, RSI: 55.14, MA20: 123453.73, 位置: 在均线之间
2025-10-09 21:02:36,236 - INFO - 当前价格: 123421.3
交易量: 3078.06 合约
上影线: 33.19999999999709
下影线: 12.80000000000291
振幅: 0.04%
RSI: 55.14
MA20: 123453.73
位置: 在均线之间
当前持仓: 无
信号: 无
2025-10-09 21:02:42,366 - INFO - HTTP Request: GET https://www.okx.com/api/v5/market/ticker?instId=BTC-USDT-SWAP "HTTP/2 200 OK"
2025-10-09 21:02:42,570 - INFO - 成功获取价格: 123413.9, 交易量: 3078.06, 上影线: 33.19999999999709, 下影线: 12.80000000000291, 振幅: 0.04%, RSI: 55.14, MA20: 123453.73, 位置: 在均线之间
2025-10-09 21:02:42,570 - INFO - 当前价格: 123413.9
交易量: 3078.06 合约
上影线: 33.19999999999709
下影线: 12.80000000000291
振幅: 0.04%
RSI: 55.14
MA20: 123453.73
位置: 在均线之间
当前持仓: 无
信号: 无
2025-10-09 21:02:48,759 - INFO - HTTP Request: GET https://www.okx.com/api/v5/market/ticker?instId=BTC-USDT-SWAP "HTTP/2 200 OK"
2025-10-09 21:02:48,964 - INFO - 成功获取价格: 123360.0, 交易量: 3078.06, 上影线: 33.19999999999709, 下影线: 12.80000000000291, 振幅: 0.04%, RSI: 55.14, MA20: 123453.73, 位置: 在均线之间
2025-10-09 21:02:48,964 - INFO - 当前价格: 123360.0
交易量: 3078.06 合约
上影线: 33.19999999999709
下影线: 12.80000000000291
振幅: 0.04%
RSI: 55.14
MA20: 123453.73
位置: 在均线之间
当前持仓: 无
信号: 无
2025-10-09 21:02:55,086 - INFO - HTTP Request: GET https://www.okx.com/api/v5/market/ticker?instId=BTC-USDT-SWAP "HTTP/2 200 OK"
2025-10-09 21:02:55,310 - INFO - 成功获取价格: 123421.6, 交易量: 3078.06, 上影线: 33.19999999999709, 下影线: 12.80000000000291, 振幅: 0.04%, RSI: 55.14, MA20: 123453.73, 位置: 在均线之间
2025-10-09 21:02:55,312 - INFO - 当前价格: 123421.6
交易量: 3078.06 合约
上影线: 33.19999999999709
下影线: 12.80000000000291
振幅: 0.04%
RSI: 55.14
MA20: 123453.73
位置: 在均线之间
当前持仓: 无
信号: 无
2025-10-09 21:03:01,616 - INFO - HTTP Request: GET https://www.okx.com/api/v5/market/ticker?instId=BTC-USDT-SWAP "HTTP/2 200 OK"
2025-10-09 21:03:01,894 - INFO - 成功获取价格: 123333.4, 交易量: 3955.18, 上影线: 34.80000000000291, 下影线: 29.40000000000873, 振幅: 0.06%, RSI: 57.93, MA20: 123443.52, 位置: 在均线之间
2025-10-09 21:03:01,894 - INFO - 当前价格: 123333.4
交易量: 3955.18 合约
上影线: 34.80000000000291
下影线: 29.40000000000873
振幅: 0.06%
RSI: 57.93
MA20: 123443.52
位置: 在均线之间
当前持仓: 无
信号: 无
2025-10-09 21:03:08,092 - INFO - HTTP Request: GET https://www.okx.com/api/v5/market/ticker?instId=BTC-USDT-SWAP "HTTP/2 200 OK"
2025-10-09 21:03:08,308 - INFO - 成功获取价格: 123400.0, 交易量: 3955.18, 上影线: 34.80000000000291, 下影线: 29.40000000000873, 振幅: 0.06%, RSI: 57.93, MA20: 123443.52, 位置: 在均线之间
2025-10-09 21:03:08,310 - INFO - 当前价格: 123400.0
交易量: 3955.18 合约
上影线: 34.80000000000291
下影线: 29.40000000000873
振幅: 0.06%
RSI: 57.93
MA20: 123443.52
位置: 在均线之间
当前持仓: 无
信号: 无
2025-10-09 21:03:14,427 - INFO - HTTP Request: GET https://www.okx.com/api/v5/market/ticker?instId=BTC-USDT-SWAP "HTTP/2 200 OK"
2025-10-09 21:03:14,623 - INFO - 成功获取价格: 123435.6, 交易量: 3955.18, 上影线: 34.80000000000291, 下影线: 29.40000000000873, 振幅: 0.06%, RSI: 57.93, MA20: 123443.52, 位置: 在均线之间
2025-10-09 21:03:14,623 - INFO - 当前价格: 123435.6
交易量: 3955.18 合约
上影线: 34.80000000000291
下影线: 29.40000000000873
振幅: 0.06%
RSI: 57.93
MA20: 123443.52
位置: 在均线之间
当前持仓: 无
信号: 无
2025-10-09 21:03:20,767 - INFO - HTTP Request: GET https://www.okx.com/api/v5/market/ticker?instId=BTC-USDT-SWAP "HTTP/2 200 OK"
2025-10-09 21:03:20,989 - INFO - 成功获取价格: 123440.0, 交易量: 3955.18, 上影线: 34.80000000000291, 下影线: 29.40000000000873, 振幅: 0.06%, RSI: 57.93, MA20: 123443.52, 位置: 在均线之间
2025-10-09 21:03:20,990 - INFO - 当前价格: 123440.0
交易量: 3955.18 合约
上影线: 34.80000000000291
下影线: 29.40000000000873
振幅: 0.06%
RSI: 57.93
MA20: 123443.52
位置: 在均线之间
当前持仓: 无
信号: 无
2025-10-09 21:03:27,219 - INFO - HTTP Request: GET https://www.okx.com/api/v5/market/ticker?instId=BTC-USDT-SWAP "HTTP/2 200 OK"
2025-10-09 21:03:27,415 - INFO - 成功获取价格: 123431.9, 交易量: 3955.18, 上影线: 34.80000000000291, 下影线: 29.40000000000873, 振幅: 0.06%, RSI: 57.93, MA20: 123443.52, 位置: 在均线之间
2025-10-09 21:03:27,418 - INFO - 当前价格: 123431.9
交易量: 3955.18 合约
上影线: 34.80000000000291
下影线: 29.40000000000873
振幅: 0.06%
RSI: 57.93
MA20: 123443.52
位置: 在均线之间
当前持仓: 无
信号: 无
2025-10-09 21:03:33,747 - INFO - HTTP Request: GET https://www.okx.com/api/v5/market/ticker?instId=BTC-USDT-SWAP "HTTP/2 200 OK"
2025-10-09 21:03:34,058 - INFO - 成功获取价格: 123333.4, 交易量: 3955.18, 上影线: 34.80000000000291, 下影线: 29.40000000000873, 振幅: 0.06%, RSI: 57.93, MA20: 123443.52, 位置: 在均线之间
2025-10-09 21:03:34,059 - INFO - 当前价格: 123333.4
交易量: 3955.18 合约
上影线: 34.80000000000291
下影线: 29.40000000000873
振幅: 0.06%
RSI: 57.93
MA20: 123443.52
位置: 在均线之间
当前持仓: 无
信号: 无
2025-10-09 21:03:40,338 - INFO - HTTP Request: GET https://www.okx.com/api/v5/market/ticker?instId=BTC-USDT-SWAP "HTTP/2 200 OK"
2025-10-09 21:03:40,563 - INFO - 成功获取价格: 123466.8, 交易量: 3955.18, 上影线: 34.80000000000291, 下影线: 29.40000000000873, 振幅: 0.06%, RSI: 57.93, MA20: 123443.52, 位置: 在均线之间
2025-10-09 21:03:40,563 - INFO - 当前价格: 123466.8
交易量: 3955.18 合约
上影线: 34.80000000000291
下影线: 29.40000000000873
振幅: 0.06%
RSI: 57.93
MA20: 123443.52
位置: 在均线之间
当前持仓: 无
信号: 无
2025-10-09 21:03:46,662 - INFO - HTTP Request: GET https://www.okx.com/api/v5/market/ticker?instId=BTC-USDT-SWAP "HTTP/2 200 OK"
2025-10-09 21:03:46,887 - INFO - 成功获取价格: 123472.2, 交易量: 3955.18, 上影线: 34.80000000000291, 下影线: 29.40000000000873, 振幅: 0.06%, RSI: 57.93, MA20: 123443.52, 位置: 在均线之间
2025-10-09 21:03:46,887 - INFO - 当前价格: 123472.2
交易量: 3955.18 合约
上影线: 34.80000000000291
下影线: 29.40000000000873
振幅: 0.06%
RSI: 57.93
MA20: 123443.52
位置: 在均线之间
当前持仓: 无
信号: 无
2025-10-09 21:03:53,137 - INFO - HTTP Request: GET https://www.okx.com/api/v5/market/ticker?instId=BTC-USDT-SWAP "HTTP/2 200 OK"
2025-10-09 21:03:53,446 - INFO - 成功获取价格: 123400.1, 交易量: 3955.18, 上影线: 34.80000000000291, 下影线: 29.40000000000873, 振幅: 0.06%, RSI: 57.93, MA20: 123443.52, 位置: 在均线之间
2025-10-09 21:03:53,447 - INFO - 当前价格: 123400.1
交易量: 3955.18 合约
上影线: 34.80000000000291
下影线: 29.40000000000873
振幅: 0.06%
RSI: 57.93
MA20: 123443.52
位置: 在均线之间
当前持仓: 无
信号: 无
